\BOOKMARK [0][-]{chapter.1}{\376\377\000P\000r\000o\000g\000r\000a\000m\000\040\000w\000y\000l\000i\000c\000z\000a\000j\000a\000c\000y\000\040\000c\000z\000a\000s\000\040\000w\000y\000k\000o\000n\000y\000w\000a\000n\000e\000g\000o\000\040\000a\000l\000o\000r\000y\000t\000m\000u}{}% 1
\BOOKMARK [0][-]{chapter.2}{\376\377\000C\000l\000a\000s\000s\000\040\000I\000n\000d\000e\000x}{}% 2
\BOOKMARK [1][-]{section.2.1}{\376\377\000C\000l\000a\000s\000s\000\040\000L\000i\000s\000t}{chapter.2}% 3
\BOOKMARK [0][-]{chapter.3}{\376\377\000F\000i\000l\000e\000\040\000I\000n\000d\000e\000x}{}% 4
\BOOKMARK [1][-]{section.3.1}{\376\377\000F\000i\000l\000e\000\040\000L\000i\000s\000t}{chapter.3}% 5
\BOOKMARK [0][-]{chapter.4}{\376\377\000C\000l\000a\000s\000s\000\040\000D\000o\000c\000u\000m\000e\000n\000t\000a\000t\000i\000o\000n}{}% 6
\BOOKMARK [1][-]{section.4.1}{\376\377\000d\000a\000n\000e\000\040\000C\000l\000a\000s\000s\000\040\000R\000e\000f\000e\000r\000e\000n\000c\000e}{chapter.4}% 7
\BOOKMARK [2][-]{subsection.4.1.1}{\376\377\000D\000e\000t\000a\000i\000l\000e\000d\000\040\000D\000e\000s\000c\000r\000i\000p\000t\000i\000o\000n}{section.4.1}% 8
\BOOKMARK [2][-]{subsection.4.1.2}{\376\377\000M\000e\000m\000b\000e\000r\000\040\000F\000u\000n\000c\000t\000i\000o\000n\000\040\000D\000o\000c\000u\000m\000e\000n\000t\000a\000t\000i\000o\000n}{section.4.1}% 9
\BOOKMARK [3][-]{subsubsection.4.1.2.1}{\376\377\000d\000o\000d\000a\000j\000\137\000e\000l\000e\000m\000e\000n\000t}{subsection.4.1.2}% 10
\BOOKMARK [3][-]{subsubsection.4.1.2.2}{\376\377\000d\000o\000d\000a\000j\000\137\000e\000l\000e\000m\000e\000n\000t\000y}{subsection.4.1.2}% 11
\BOOKMARK [3][-]{subsubsection.4.1.2.3}{\376\377\000o\000d\000w\000r\000o\000c\000\137\000e\000l\000e\000m\000e\000n\000t}{subsection.4.1.2}% 12
\BOOKMARK [3][-]{subsubsection.4.1.2.4}{\376\377\000o\000p\000e\000r\000a\000t\000o\000r\000+}{subsection.4.1.2}% 13
\BOOKMARK [3][-]{subsubsection.4.1.2.5}{\376\377\000o\000p\000e\000r\000a\000t\000o\000r\000=}{subsection.4.1.2}% 14
\BOOKMARK [3][-]{subsubsection.4.1.2.6}{\376\377\000o\000p\000e\000r\000a\000t\000o\000r\000=\000=}{subsection.4.1.2}% 15
\BOOKMARK [3][-]{subsubsection.4.1.2.7}{\376\377\000o\000p\000e\000r\000a\000t\000o\000r\000[\000]}{subsection.4.1.2}% 16
\BOOKMARK [3][-]{subsubsection.4.1.2.8}{\376\377\000s\000i\000z\000e}{subsection.4.1.2}% 17
\BOOKMARK [3][-]{subsubsection.4.1.2.9}{\376\377\000w\000c\000z\000y\000t\000a\000j}{subsection.4.1.2}% 18
\BOOKMARK [3][-]{subsubsection.4.1.2.10}{\376\377\000w\000n\000e\000t\000r\000z\000e}{subsection.4.1.2}% 19
\BOOKMARK [3][-]{subsubsection.4.1.2.11}{\376\377\000w\000y\000p\000i\000s\000z}{subsection.4.1.2}% 20
\BOOKMARK [3][-]{subsubsection.4.1.2.12}{\376\377\000z\000a\000m\000i\000e\000n\000\137\000e\000l\000e\000m\000e\000n\000t}{subsection.4.1.2}% 21
\BOOKMARK [1][-]{section.4.2}{\376\377\000k\000o\000l\000e\000j\000k\000a\000l\000i\000s\000t\000a\000\040\000C\000l\000a\000s\000s\000\040\000R\000e\000f\000e\000r\000e\000n\000c\000e}{chapter.4}% 22
\BOOKMARK [2][-]{subsection.4.2.1}{\376\377\000D\000e\000t\000a\000i\000l\000e\000d\000\040\000D\000e\000s\000c\000r\000i\000p\000t\000i\000o\000n}{section.4.2}% 23
\BOOKMARK [2][-]{subsection.4.2.2}{\376\377\000M\000e\000m\000b\000e\000r\000\040\000F\000u\000n\000c\000t\000i\000o\000n\000\040\000D\000o\000c\000u\000m\000e\000n\000t\000a\000t\000i\000o\000n}{section.4.2}% 24
\BOOKMARK [3][-]{subsubsection.4.2.2.1}{\376\377\000d\000e\000q\000u\000e\000u\000e}{subsection.4.2.2}% 25
\BOOKMARK [3][-]{subsubsection.4.2.2.2}{\376\377\000e\000n\000q\000u\000e\000u\000e}{subsection.4.2.2}% 26
\BOOKMARK [3][-]{subsubsection.4.2.2.3}{\376\377\000i\000s\000e\000m\000p\000t\000y}{subsection.4.2.2}% 27
\BOOKMARK [3][-]{subsubsection.4.2.2.4}{\376\377\000s\000i\000z\000e}{subsection.4.2.2}% 28
\BOOKMARK [1][-]{section.4.3}{\376\377\000k\000o\000l\000e\000j\000k\000a\000t\000a\000b\000\040\000C\000l\000a\000s\000s\000\040\000R\000e\000f\000e\000r\000e\000n\000c\000e}{chapter.4}% 29
\BOOKMARK [2][-]{subsection.4.3.1}{\376\377\000D\000e\000t\000a\000i\000l\000e\000d\000\040\000D\000e\000s\000c\000r\000i\000p\000t\000i\000o\000n}{section.4.3}% 30
\BOOKMARK [2][-]{subsection.4.3.2}{\376\377\000C\000o\000n\000s\000t\000r\000u\000c\000t\000o\000r\000\040\000\046\000\040\000D\000e\000s\000t\000r\000u\000c\000t\000o\000r\000\040\000D\000o\000c\000u\000m\000e\000n\000t\000a\000t\000i\000o\000n}{section.4.3}% 31
\BOOKMARK [3][-]{subsubsection.4.3.2.1}{\376\377\000k\000o\000l\000e\000j\000k\000a\000t\000a\000b}{subsection.4.3.2}% 32
\BOOKMARK [2][-]{subsection.4.3.3}{\376\377\000M\000e\000m\000b\000e\000r\000\040\000F\000u\000n\000c\000t\000i\000o\000n\000\040\000D\000o\000c\000u\000m\000e\000n\000t\000a\000t\000i\000o\000n}{section.4.3}% 33
\BOOKMARK [3][-]{subsubsection.4.3.3.1}{\376\377\000d\000e\000q\000u\000e\000u\000e}{subsection.4.3.3}% 34
\BOOKMARK [3][-]{subsubsection.4.3.3.2}{\376\377\000e\000n\000q\000u\000e\000u\000e}{subsection.4.3.3}% 35
\BOOKMARK [3][-]{subsubsection.4.3.3.3}{\376\377\000i\000s\000e\000m\000p\000t\000y}{subsection.4.3.3}% 36
\BOOKMARK [3][-]{subsubsection.4.3.3.4}{\376\377\000s\000i\000z\000e}{subsection.4.3.3}% 37
\BOOKMARK [1][-]{section.4.4}{\376\377\000s\000t\000o\000s\000\040\000C\000l\000a\000s\000s\000\040\000R\000e\000f\000e\000r\000e\000n\000c\000e}{chapter.4}% 38
\BOOKMARK [2][-]{subsection.4.4.1}{\376\377\000D\000e\000t\000a\000i\000l\000e\000d\000\040\000D\000e\000s\000c\000r\000i\000p\000t\000i\000o\000n}{section.4.4}% 39
\BOOKMARK [2][-]{subsection.4.4.2}{\376\377\000C\000o\000n\000s\000t\000r\000u\000c\000t\000o\000r\000\040\000\046\000\040\000D\000e\000s\000t\000r\000u\000c\000t\000o\000r\000\040\000D\000o\000c\000u\000m\000e\000n\000t\000a\000t\000i\000o\000n}{section.4.4}% 40
\BOOKMARK [3][-]{subsubsection.4.4.2.1}{\376\377\000s\000t\000o\000s}{subsection.4.4.2}% 41
\BOOKMARK [3][-]{subsubsection.4.4.2.2}{\376\377\000s\000t\000o\000s}{subsection.4.4.2}% 42
\BOOKMARK [2][-]{subsection.4.4.3}{\376\377\000M\000e\000m\000b\000e\000r\000\040\000F\000u\000n\000c\000t\000i\000o\000n\000\040\000D\000o\000c\000u\000m\000e\000n\000t\000a\000t\000i\000o\000n}{section.4.4}% 43
\BOOKMARK [3][-]{subsubsection.4.4.3.1}{\376\377\000i\000s\000e\000m\000p\000t\000y}{subsection.4.4.3}% 44
\BOOKMARK [3][-]{subsubsection.4.4.3.2}{\376\377\000p\000o\000p}{subsection.4.4.3}% 45
\BOOKMARK [3][-]{subsubsection.4.4.3.3}{\376\377\000p\000u\000s\000h}{subsection.4.4.3}% 46
\BOOKMARK [3][-]{subsubsection.4.4.3.4}{\376\377\000s\000i\000z\000e}{subsection.4.4.3}% 47
\BOOKMARK [1][-]{section.4.5}{\376\377\000s\000t\000o\000s\000l\000i\000s\000t\000a\000\040\000C\000l\000a\000s\000s\000\040\000R\000e\000f\000e\000r\000e\000n\000c\000e}{chapter.4}% 48
\BOOKMARK [2][-]{subsection.4.5.1}{\376\377\000D\000e\000t\000a\000i\000l\000e\000d\000\040\000D\000e\000s\000c\000r\000i\000p\000t\000i\000o\000n}{section.4.5}% 49
\BOOKMARK [2][-]{subsection.4.5.2}{\376\377\000M\000e\000m\000b\000e\000r\000\040\000F\000u\000n\000c\000t\000i\000o\000n\000\040\000D\000o\000c\000u\000m\000e\000n\000t\000a\000t\000i\000o\000n}{section.4.5}% 50
\BOOKMARK [3][-]{subsubsection.4.5.2.1}{\376\377\000i\000s\000e\000m\000p\000t\000y}{subsection.4.5.2}% 51
\BOOKMARK [3][-]{subsubsection.4.5.2.2}{\376\377\000p\000o\000p}{subsection.4.5.2}% 52
\BOOKMARK [3][-]{subsubsection.4.5.2.3}{\376\377\000p\000u\000s\000h}{subsection.4.5.2}% 53
\BOOKMARK [3][-]{subsubsection.4.5.2.4}{\376\377\000s\000i\000z\000e}{subsection.4.5.2}% 54
\BOOKMARK [1][-]{section.4.6}{\376\377\000z\000e\000g\000a\000r\000\040\000C\000l\000a\000s\000s\000\040\000R\000e\000f\000e\000r\000e\000n\000c\000e}{chapter.4}% 55
\BOOKMARK [2][-]{subsection.4.6.1}{\376\377\000D\000e\000t\000a\000i\000l\000e\000d\000\040\000D\000e\000s\000c\000r\000i\000p\000t\000i\000o\000n}{section.4.6}% 56
\BOOKMARK [2][-]{subsection.4.6.2}{\376\377\000C\000o\000n\000s\000t\000r\000u\000c\000t\000o\000r\000\040\000\046\000\040\000D\000e\000s\000t\000r\000u\000c\000t\000o\000r\000\040\000D\000o\000c\000u\000m\000e\000n\000t\000a\000t\000i\000o\000n}{section.4.6}% 57
\BOOKMARK [3][-]{subsubsection.4.6.2.1}{\376\377\000z\000e\000g\000a\000r}{subsection.4.6.2}% 58
\BOOKMARK [2][-]{subsection.4.6.3}{\376\377\000M\000e\000m\000b\000e\000r\000\040\000F\000u\000n\000c\000t\000i\000o\000n\000\040\000D\000o\000c\000u\000m\000e\000n\000t\000a\000t\000i\000o\000n}{section.4.6}% 59
\BOOKMARK [3][-]{subsubsection.4.6.3.1}{\376\377\000a\000l\000g\000o\000r\000y\000t\000m}{subsection.4.6.3}% 60
\BOOKMARK [3][-]{subsubsection.4.6.3.2}{\376\377\000p\000o\000r\000o\000w\000n\000a\000j}{subsection.4.6.3}% 61
\BOOKMARK [3][-]{subsubsection.4.6.3.3}{\376\377\000w\000c\000z\000y\000t\000a\000j}{subsection.4.6.3}% 62
\BOOKMARK [3][-]{subsubsection.4.6.3.4}{\376\377\000w\000c\000z\000y\000t\000a\000j\000\137\000d\000a\000n\000e\000\137\000p\000o\000d}{subsection.4.6.3}% 63
\BOOKMARK [3][-]{subsubsection.4.6.3.5}{\376\377\000w\000c\000z\000y\000t\000a\000j\000\137\000d\000a\000n\000e\000\137\000s\000p\000r}{subsection.4.6.3}% 64
\BOOKMARK [3][-]{subsubsection.4.6.3.6}{\376\377\000w\000l\000a\000c\000z\000S\000t\000o\000p\000e\000r}{subsection.4.6.3}% 65
\BOOKMARK [3][-]{subsubsection.4.6.3.7}{\376\377\000w\000y\000l\000a\000c\000z\000S\000t\000o\000p\000e\000r}{subsection.4.6.3}% 66
\BOOKMARK [0][-]{chapter.5}{\376\377\000F\000i\000l\000e\000\040\000D\000o\000c\000u\000m\000e\000n\000t\000a\000t\000i\000o\000n}{}% 67
\BOOKMARK [1][-]{section.5.1}{\376\377\000C\000:\000/\000U\000s\000e\000r\000s\000/\000A\000n\000i\000a\000/\000w\000o\000r\000k\000s\000p\000a\000c\000e\000/\000z\000a\000d\000a\000n\000i\000e\000/\000d\000o\000c\000/\000p\000a\000g\000e\000s\000/\000s\000t\000r\000o\000n\000a\000.\000d\000o\000x\000\040\000F\000i\000l\000e\000\040\000R\000e\000f\000e\000r\000e\000n\000c\000e}{chapter.5}% 68
\BOOKMARK [1][-]{section.5.2}{\376\377\000C\000:\000/\000U\000s\000e\000r\000s\000/\000A\000n\000i\000a\000/\000w\000o\000r\000k\000s\000p\000a\000c\000e\000/\000z\000a\000d\000a\000n\000i\000e\000/\000i\000n\000c\000/\000d\000a\000n\000e\000.\000h\000h\000\040\000F\000i\000l\000e\000\040\000R\000e\000f\000e\000r\000e\000n\000c\000e}{chapter.5}% 69
\BOOKMARK [2][-]{subsection.5.2.1}{\376\377\000D\000e\000t\000a\000i\000l\000e\000d\000\040\000D\000e\000s\000c\000r\000i\000p\000t\000i\000o\000n}{section.5.2}% 70
\BOOKMARK [1][-]{section.5.3}{\376\377\000C\000:\000/\000U\000s\000e\000r\000s\000/\000A\000n\000i\000a\000/\000w\000o\000r\000k\000s\000p\000a\000c\000e\000/\000z\000a\000d\000a\000n\000i\000e\000/\000i\000n\000c\000/\000k\000o\000l\000e\000j\000k\000a\000.\000h\000h\000\040\000F\000i\000l\000e\000\040\000R\000e\000f\000e\000r\000e\000n\000c\000e}{chapter.5}% 71
\BOOKMARK [2][-]{subsection.5.3.1}{\376\377\000D\000e\000t\000a\000i\000l\000e\000d\000\040\000D\000e\000s\000c\000r\000i\000p\000t\000i\000o\000n}{section.5.3}% 72
\BOOKMARK [1][-]{section.5.4}{\376\377\000C\000:\000/\000U\000s\000e\000r\000s\000/\000A\000n\000i\000a\000/\000w\000o\000r\000k\000s\000p\000a\000c\000e\000/\000z\000a\000d\000a\000n\000i\000e\000/\000i\000n\000c\000/\000k\000o\000l\000e\000j\000k\000a\000\137\000l\000i\000s\000t\000a\000.\000h\000h\000\040\000F\000i\000l\000e\000\040\000R\000e\000f\000e\000r\000e\000n\000c\000e}{chapter.5}% 73
\BOOKMARK [2][-]{subsection.5.4.1}{\376\377\000D\000e\000t\000a\000i\000l\000e\000d\000\040\000D\000e\000s\000c\000r\000i\000p\000t\000i\000o\000n}{section.5.4}% 74
\BOOKMARK [1][-]{section.5.5}{\376\377\000C\000:\000/\000U\000s\000e\000r\000s\000/\000A\000n\000i\000a\000/\000w\000o\000r\000k\000s\000p\000a\000c\000e\000/\000z\000a\000d\000a\000n\000i\000e\000/\000i\000n\000c\000/\000s\000t\000o\000s\000.\000h\000h\000\040\000F\000i\000l\000e\000\040\000R\000e\000f\000e\000r\000e\000n\000c\000e}{chapter.5}% 75
\BOOKMARK [2][-]{subsection.5.5.1}{\376\377\000D\000e\000t\000a\000i\000l\000e\000d\000\040\000D\000e\000s\000c\000r\000i\000p\000t\000i\000o\000n}{section.5.5}% 76
\BOOKMARK [1][-]{section.5.6}{\376\377\000C\000:\000/\000U\000s\000e\000r\000s\000/\000A\000n\000i\000a\000/\000w\000o\000r\000k\000s\000p\000a\000c\000e\000/\000z\000a\000d\000a\000n\000i\000e\000/\000i\000n\000c\000/\000s\000t\000o\000s\000\137\000l\000i\000s\000t\000a\000.\000h\000h\000\040\000F\000i\000l\000e\000\040\000R\000e\000f\000e\000r\000e\000n\000c\000e}{chapter.5}% 77
\BOOKMARK [2][-]{subsection.5.6.1}{\376\377\000D\000e\000t\000a\000i\000l\000e\000d\000\040\000D\000e\000s\000c\000r\000i\000p\000t\000i\000o\000n}{section.5.6}% 78
\BOOKMARK [1][-]{section.5.7}{\376\377\000C\000:\000/\000U\000s\000e\000r\000s\000/\000A\000n\000i\000a\000/\000w\000o\000r\000k\000s\000p\000a\000c\000e\000/\000z\000a\000d\000a\000n\000i\000e\000/\000i\000n\000c\000/\000u\000r\000u\000c\000h\000o\000m\000.\000h\000h\000\040\000F\000i\000l\000e\000\040\000R\000e\000f\000e\000r\000e\000n\000c\000e}{chapter.5}% 79
\BOOKMARK [2][-]{subsection.5.7.1}{\376\377\000D\000e\000t\000a\000i\000l\000e\000d\000\040\000D\000e\000s\000c\000r\000i\000p\000t\000i\000o\000n}{section.5.7}% 80
\BOOKMARK [1][-]{section.5.8}{\376\377\000C\000:\000/\000U\000s\000e\000r\000s\000/\000A\000n\000i\000a\000/\000w\000o\000r\000k\000s\000p\000a\000c\000e\000/\000z\000a\000d\000a\000n\000i\000e\000/\000s\000r\000c\000/\000d\000a\000n\000e\000.\000c\000p\000p\000\040\000F\000i\000l\000e\000\040\000R\000e\000f\000e\000r\000e\000n\000c\000e}{chapter.5}% 81
\BOOKMARK [1][-]{section.5.9}{\376\377\000C\000:\000/\000U\000s\000e\000r\000s\000/\000A\000n\000i\000a\000/\000w\000o\000r\000k\000s\000p\000a\000c\000e\000/\000z\000a\000d\000a\000n\000i\000e\000/\000s\000r\000c\000/\000k\000o\000l\000e\000j\000k\000a\000.\000c\000p\000p\000\040\000F\000i\000l\000e\000\040\000R\000e\000f\000e\000r\000e\000n\000c\000e}{chapter.5}% 82
\BOOKMARK [1][-]{section.5.10}{\376\377\000C\000:\000/\000U\000s\000e\000r\000s\000/\000A\000n\000i\000a\000/\000w\000o\000r\000k\000s\000p\000a\000c\000e\000/\000z\000a\000d\000a\000n\000i\000e\000/\000s\000r\000c\000/\000k\000o\000l\000e\000j\000k\000a\000\137\000l\000i\000s\000t\000a\000.\000c\000p\000p\000\040\000F\000i\000l\000e\000\040\000R\000e\000f\000e\000r\000e\000n\000c\000e}{chapter.5}% 83
\BOOKMARK [1][-]{section.5.11}{\376\377\000C\000:\000/\000U\000s\000e\000r\000s\000/\000A\000n\000i\000a\000/\000w\000o\000r\000k\000s\000p\000a\000c\000e\000/\000z\000a\000d\000a\000n\000i\000e\000/\000s\000r\000c\000/\000m\000a\000i\000n\000.\000c\000p\000p\000\040\000F\000i\000l\000e\000\040\000R\000e\000f\000e\000r\000e\000n\000c\000e}{chapter.5}% 84
\BOOKMARK [2][-]{subsection.5.11.1}{\376\377\000D\000e\000t\000a\000i\000l\000e\000d\000\040\000D\000e\000s\000c\000r\000i\000p\000t\000i\000o\000n}{section.5.11}% 85
\BOOKMARK [2][-]{subsection.5.11.2}{\376\377\000F\000u\000n\000c\000t\000i\000o\000n\000\040\000D\000o\000c\000u\000m\000e\000n\000t\000a\000t\000i\000o\000n}{section.5.11}% 86
\BOOKMARK [3][-]{subsubsection.5.11.2.1}{\376\377\000m\000a\000i\000n}{subsection.5.11.2}% 87
\BOOKMARK [1][-]{section.5.12}{\376\377\000C\000:\000/\000U\000s\000e\000r\000s\000/\000A\000n\000i\000a\000/\000w\000o\000r\000k\000s\000p\000a\000c\000e\000/\000z\000a\000d\000a\000n\000i\000e\000/\000s\000r\000c\000/\000s\000t\000o\000s\000.\000c\000p\000p\000\040\000F\000i\000l\000e\000\040\000R\000e\000f\000e\000r\000e\000n\000c\000e}{chapter.5}% 88
\BOOKMARK [1][-]{section.5.13}{\376\377\000C\000:\000/\000U\000s\000e\000r\000s\000/\000A\000n\000i\000a\000/\000w\000o\000r\000k\000s\000p\000a\000c\000e\000/\000z\000a\000d\000a\000n\000i\000e\000/\000s\000r\000c\000/\000s\000t\000o\000s\000\137\000l\000i\000s\000t\000a\000.\000c\000p\000p\000\040\000F\000i\000l\000e\000\040\000R\000e\000f\000e\000r\000e\000n\000c\000e}{chapter.5}% 89
\BOOKMARK [1][-]{section.5.14}{\376\377\000C\000:\000/\000U\000s\000e\000r\000s\000/\000A\000n\000i\000a\000/\000w\000o\000r\000k\000s\000p\000a\000c\000e\000/\000z\000a\000d\000a\000n\000i\000e\000/\000s\000r\000c\000/\000u\000r\000u\000c\000h\000o\000m\000.\000c\000p\000p\000\040\000F\000i\000l\000e\000\040\000R\000e\000f\000e\000r\000e\000n\000c\000e}{chapter.5}% 90
